#
# There is insufficient memory for the Java Runtime Environment to continue.
# Native memory allocation (malloc) failed to allocate 32744 bytes for ChunkPool::allocate
# Possible reasons:
#   The system is out of physical RAM or swap space
#   The process is running with CompressedOops enabled, and the Java Heap may be blocking the growth of the native heap
# Possible solutions:
#   Reduce memory load on the system
#   Increase physical memory or swap space
#   Check if swap backing store is full
#   Decrease Java heap size (-Xmx/-Xms)
#   Decrease number of Java threads
#   Decrease Java thread stack sizes (-Xss)
#   Set larger code cache with -XX:ReservedCodeCacheSize=
#   JVM is running with Zero Based Compressed Oops mode in which the Java heap is
#     placed in the first 32GB address space. The Java Heap base address is the
#     maximum limit for the native heap growth. Please use -XX:HeapBaseMinAddress
#     to set the Java Heap base and to place the Java Heap above 32GB virtual address.
# This output file may be truncated or incomplete.
#
#  Out of Memory Error (allocation.cpp:272), pid=13588, tid=0x000000000000441c
#
# JRE version: Java(TM) SE Runtime Environment (8.0_281-b09) (build 1.8.0_281-b09)
# Java VM: Java HotSpot(TM) 64-Bit Server VM (25.281-b09 mixed mode windows-amd64 compressed oops)
# Failed to write core dump. Minidumps are not enabled by default on client versions of Windows
#

---------------  T H R E A D  ---------------

Current thread (0x00000252de4bb000):  JavaThread "C2 CompilerThread1" daemon [_thread_in_native, id=17436, stack(0x000000597f200000,0x000000597f300000)]

Stack: [0x000000597f200000,0x000000597f300000]
Native frames: (J=compiled Java code, j=interpreted, Vv=VM code, C=native code)
V  [jvm.dll+0x32e5b9]


Current CompileTask:
C2:    860  740       4       org.aspectj.apache.bcel.classfile.Attribute::readAttribute (568 bytes)


---------------  P R O C E S S  ---------------

Java Threads: ( => current thread )
  0x00000252de54d800 JavaThread "Service Thread" daemon [_thread_blocked, id=14532, stack(0x000000597f500000,0x000000597f600000)]
  0x00000252de4d2000 JavaThread "C1 CompilerThread3" daemon [_thread_in_vm, id=27908, stack(0x000000597f400000,0x000000597f500000)]
  0x00000252de3c6000 JavaThread "C2 CompilerThread2" daemon [_thread_in_native, id=33208, stack(0x000000597f300000,0x000000597f400000)]
=>0x00000252de4bb000 JavaThread "C2 CompilerThread1" daemon [_thread_in_native, id=17436, stack(0x000000597f200000,0x000000597f300000)]
  0x00000252de38f800 JavaThread "C2 CompilerThread0" daemon [_thread_in_native, id=30320, stack(0x000000597f100000,0x000000597f200000)]
  0x00000252de482800 JavaThread "Monitor Ctrl-Break" daemon [_thread_in_native, id=20024, stack(0x000000597f000000,0x000000597f100000)]
  0x00000252dbc03000 JavaThread "Attach Listener" daemon [_thread_blocked, id=17916, stack(0x000000597ef00000,0x000000597f000000)]
  0x00000252dbc02000 JavaThread "Signal Dispatcher" daemon [_thread_blocked, id=15156, stack(0x000000597ee00000,0x000000597ef00000)]
  0x00000252b78fd000 JavaThread "Finalizer" daemon [_thread_blocked, id=19672, stack(0x000000597ed00000,0x000000597ee00000)]
  0x00000252b78f6800 JavaThread "Reference Handler" daemon [_thread_blocked, id=31872, stack(0x000000597ec00000,0x000000597ed00000)]
  0x00000252b784c000 JavaThread "main" [_thread_in_vm, id=31120, stack(0x000000597e000000,0x000000597e100000)]

Other Threads:
  0x00000252dbbb4000 VMThread [stack: 0x000000597eb00000,0x000000597ec00000] [id=30028]
  0x00000252de50a800 WatcherThread [stack: 0x000000597f600000,0x000000597f700000] [id=33660]

VM state:not at safepoint (normal execution)

VM Mutex/Monitor currently owned by a thread: None

heap address: 0x00000005c4a00000, size: 8118 MB, Compressed Oops mode: Zero based, Oop shift amount: 3
Narrow klass base: 0x0000000000000000, Narrow klass shift: 3
Compressed class space size: 1073741824 Address: 0x00000007c0000000

Heap:
 PSYoungGen      total 151552K, used 62527K [0x0000000716e00000, 0x0000000721700000, 0x00000007c0000000)
  eden space 130048K, 48% used [0x0000000716e00000,0x000000071ab0fe50,0x000000071ed00000)
  from space 21504K, 0% used [0x0000000720200000,0x0000000720200000,0x0000000721700000)
  to   space 21504K, 0% used [0x000000071ed00000,0x000000071ed00000,0x0000000720200000)
 ParOldGen       total 347136K, used 0K [0x00000005c4a00000, 0x00000005d9d00000, 0x0000000716e00000)
  object space 347136K, 0% used [0x00000005c4a00000,0x00000005c4a00000,0x00000005d9d00000)
 Metaspace       used 10883K, capacity 11110K, committed 11264K, reserved 1058816K
  class space    used 1155K, capacity 1231K, committed 1280K, reserved 1048576K

Card table byte_map: [0x00000252c8690000,0x00000252c9670000] byte_map_base: 0x00000252c586b000

Marking Bits: (ParMarkBitMap*) 0x0000000054e56ff0
 Begin Bits: [0x00000252ca110000, 0x00000252d1fe8000)
 End Bits:   [0x00000252d1fe8000, 0x00000252d9ec0000)

Polling page: 0x00000252b7af0000

CodeCache: size=245760Kb used=3814Kb max_used=3814Kb free=241945Kb
 bounds [0x00000252b92d0000, 0x00000252b9690000, 0x00000252c82d0000]
 total_blobs=1246 nmethods=925 adapters=234
 compilation: enabled

Compilation events (10 events):
Event: 0.856 Thread 0x00000252de4d2000 nmethod 923 0x00000252b96875d0 code [0x00000252b9687720, 0x00000252b9687838]
Event: 0.856 Thread 0x00000252de4d2000  924       1       org.aspectj.weaver.bcel.Range::getStart (5 bytes)
Event: 0.856 Thread 0x00000252de4d2000 nmethod 924 0x00000252b9687890 code [0x00000252b96879e0, 0x00000252b9687af8]
Event: 0.856 Thread 0x00000252de4d2000  925       1       org.aspectj.apache.bcel.classfile.LocalVariable::getLength (5 bytes)
Event: 0.856 Thread 0x00000252de4d2000 nmethod 925 0x00000252b9687b50 code [0x00000252b9687ca0, 0x00000252b9687db8]
Event: 0.856 Thread 0x00000252de4d2000  926   !   3       org.aspectj.weaver.ReferenceType::setDelegate (203 bytes)
Event: 0.858 Thread 0x00000252de4d2000 nmethod 926 0x00000252b9687e10 code [0x00000252b9688160, 0x00000252b968a280]
Event: 0.858 Thread 0x00000252de4d2000  928       3       java.util.ArrayList::clear (39 bytes)
Event: 0.858 Thread 0x00000252de4d2000 nmethod 928 0x00000252b968b390 code [0x00000252b968b500, 0x00000252b968b878]
Event: 0.858 Thread 0x00000252de4d2000  927       3       org.aspectj.weaver.ReferenceType::clearParameterizationCaches (35 bytes)

GC Heap History (0 events):
No events

Deoptimization events (1 events):
Event: 0.830 Thread 0x00000252b784c000 Uncommon trap: reason=unstable_if action=reinterpret pc=0x00000252b964a2a0 method=sun.net.www.ParseUtil.encodePath(Ljava/lang/String;Z)Ljava/lang/String; @ 109

Classes redefined (0 events):
No events

Internal exceptions (10 events):
Event: 0.482 Thread 0x00000252b784c000 Exception <a 'java/lang/ArrayIndexOutOfBoundsException': 11> (0x0000000718762e88) thrown at [C:\jenkins\workspace\8-2-build-windows-amd64-cygwin\jdk8u281\880\hotspot\src\share\vm\interpreter\interpreterRuntime.cpp, line 371]
Event: 0.482 Thread 0x00000252b784c000 Exception <a 'java/lang/ArrayIndexOutOfBoundsException': 11> (0x00000007187632a8) thrown at [C:\jenkins\workspace\8-2-build-windows-amd64-cygwin\jdk8u281\880\hotspot\src\share\vm\interpreter\interpreterRuntime.cpp, line 371]
Event: 0.482 Thread 0x00000252b784c000 Exception <a 'java/lang/ArrayIndexOutOfBoundsException': 9> (0x0000000718764630) thrown at [C:\jenkins\workspace\8-2-build-windows-amd64-cygwin\jdk8u281\880\hotspot\src\share\vm\interpreter\interpreterRuntime.cpp, line 371]
Event: 0.482 Thread 0x00000252b784c000 Exception <a 'java/lang/ArrayIndexOutOfBoundsException': 9> (0x0000000718764a50) thrown at [C:\jenkins\workspace\8-2-build-windows-amd64-cygwin\jdk8u281\880\hotspot\src\share\vm\interpreter\interpreterRuntime.cpp, line 371]
Event: 0.482 Thread 0x00000252b784c000 Exception <a 'java/lang/ArrayIndexOutOfBoundsException': 9> (0x0000000718764e70) thrown at [C:\jenkins\workspace\8-2-build-windows-amd64-cygwin\jdk8u281\880\hotspot\src\share\vm\interpreter\interpreterRuntime.cpp, line 371]
Event: 0.482 Thread 0x00000252b784c000 Exception <a 'java/lang/ArrayIndexOutOfBoundsException': 7> (0x000000071876ad78) thrown at [C:\jenkins\workspace\8-2-build-windows-amd64-cygwin\jdk8u281\880\hotspot\src\share\vm\interpreter\interpreterRuntime.cpp, line 371]
Event: 0.482 Thread 0x00000252b784c000 Exception <a 'java/lang/ArrayIndexOutOfBoundsException': 7> (0x000000071876b198) thrown at [C:\jenkins\workspace\8-2-build-windows-amd64-cygwin\jdk8u281\880\hotspot\src\share\vm\interpreter\interpreterRuntime.cpp, line 371]
Event: 0.482 Thread 0x00000252b784c000 Exception <a 'java/lang/ArrayIndexOutOfBoundsException': 7> (0x000000071876b5b8) thrown at [C:\jenkins\workspace\8-2-build-windows-amd64-cygwin\jdk8u281\880\hotspot\src\share\vm\interpreter\interpreterRuntime.cpp, line 371]
Event: 0.676 Thread 0x00000252b784c000 Exception <a 'java/lang/NoSuchFieldError': method resolution failed> (0x0000000719729fa8) thrown at [C:\jenkins\workspace\8-2-build-windows-amd64-cygwin\jdk8u281\880\hotspot\src\share\vm\prims\methodHandles.cpp, line 1169]
Event: 0.677 Thread 0x00000252b784c000 Exception <a 'java/lang/NoSuchFieldError': method resolution failed> (0x0000000719738408) thrown at [C:\jenkins\workspace\8-2-build-windows-amd64-cygwin\jdk8u281\880\hotspot\src\share\vm\prims\methodHandles.cpp, line 1169]

Events (10 events):
Event: 0.856 loading class java/util/concurrent/locks/ReentrantReadWriteLock$Sync done
Event: 0.856 loading class java/util/concurrent/locks/ReentrantReadWriteLock$NonfairSync done
Event: 0.856 loading class java/util/concurrent/locks/ReentrantReadWriteLock$Sync$ThreadLocalHoldCounter
Event: 0.856 loading class java/util/concurrent/locks/ReentrantReadWriteLock$Sync$ThreadLocalHoldCounter done
Event: 0.856 loading class java/util/concurrent/locks/ReentrantReadWriteLock$ReadLock
Event: 0.856 loading class java/util/concurrent/locks/ReentrantReadWriteLock$ReadLock done
Event: 0.856 loading class java/util/concurrent/locks/ReentrantReadWriteLock$WriteLock
Event: 0.856 loading class java/util/concurrent/locks/ReentrantReadWriteLock$WriteLock done
Event: 0.856 loading class io/qameta/allure/Allure
Event: 0.856 loading class io/qameta/allure/Allure done


Dynamic libraries:
0x00007ff6dd0d0000 - 0x00007ff6dd117000 	C:\Java\jdk8\bin\java.exe
0x00007ffcf3ab0000 - 0x00007ffcf3ca8000 	C:\WINDOWS\SYSTEM32\ntdll.dll
0x00007ffcf3950000 - 0x00007ffcf3a0f000 	C:\WINDOWS\System32\KERNEL32.DLL
0x00007ffcf1810000 - 0x00007ffcf1ae2000 	C:\WINDOWS\System32\KERNELBASE.dll
0x00007ffcf38a0000 - 0x00007ffcf394e000 	C:\WINDOWS\System32\ADVAPI32.dll
0x00007ffcf3270000 - 0x00007ffcf330e000 	C:\WINDOWS\System32\msvcrt.dll
0x00007ffcf3800000 - 0x00007ffcf389c000 	C:\WINDOWS\System32\sechost.dll
0x00007ffcf36d0000 - 0x00007ffcf37f5000 	C:\WINDOWS\System32\RPCRT4.dll
0x00007ffcf2cf0000 - 0x00007ffcf2e91000 	C:\WINDOWS\System32\USER32.dll
0x00007ffcf17e0000 - 0x00007ffcf1802000 	C:\WINDOWS\System32\win32u.dll
0x00007ffcf3540000 - 0x00007ffcf356b000 	C:\WINDOWS\System32\GDI32.dll
0x00007ffcf14b0000 - 0x00007ffcf15bf000 	C:\WINDOWS\System32\gdi32full.dll
0x00007ffcf11a0000 - 0x00007ffcf123d000 	C:\WINDOWS\System32\msvcp_win.dll
0x00007ffcf1300000 - 0x00007ffcf1400000 	C:\WINDOWS\System32\ucrtbase.dll
0x00007ffcdb500000 - 0x00007ffcdb79a000 	C:\WINDOWS\WinSxS\amd64_microsoft.windows.common-controls_6595b64144ccf1df_6.0.19041.1110_none_60b5254171f9507e\COMCTL32.dll
0x00007ffcf3190000 - 0x00007ffcf31c2000 	C:\WINDOWS\System32\IMM32.DLL
0x00007ffcd9c00000 - 0x00007ffcd9c15000 	C:\Java\jdk8\jre\bin\vcruntime140.dll
0x00007ffcc25d0000 - 0x00007ffcc266b000 	C:\Java\jdk8\jre\bin\msvcp140.dll
0x0000000054670000 - 0x0000000054ecf000 	C:\Java\jdk8\jre\bin\server\jvm.dll
0x00007ffcf3310000 - 0x00007ffcf3318000 	C:\WINDOWS\System32\PSAPI.DLL
0x00007ffccea20000 - 0x00007ffccea29000 	C:\WINDOWS\SYSTEM32\WSOCK32.dll
0x00007ffcd8dc0000 - 0x00007ffcd8de7000 	C:\WINDOWS\SYSTEM32\WINMM.dll
0x00007ffce0ce0000 - 0x00007ffce0cea000 	C:\WINDOWS\SYSTEM32\VERSION.dll
0x00007ffcf34d0000 - 0x00007ffcf353b000 	C:\WINDOWS\System32\WS2_32.dll
0x00007ffcef040000 - 0x00007ffcef052000 	C:\WINDOWS\SYSTEM32\kernel.appcore.dll
0x00007ffcc8370000 - 0x00007ffcc8380000 	C:\Java\jdk8\jre\bin\verify.dll
0x00007ffcc8340000 - 0x00007ffcc836b000 	C:\Java\jdk8\jre\bin\java.dll
0x00007ffcd67e0000 - 0x00007ffcd6810000 	C:\Java\jdk8\jre\bin\instrument.dll
0x00007ffcc25b0000 - 0x00007ffcc25c8000 	C:\Java\jdk8\jre\bin\zip.dll
0x00007ffcf25a0000 - 0x00007ffcf2ce5000 	C:\WINDOWS\System32\SHELL32.dll
0x00007ffcef260000 - 0x00007ffcef9f2000 	C:\WINDOWS\SYSTEM32\windows.storage.dll
0x00007ffcf21b0000 - 0x00007ffcf2505000 	C:\WINDOWS\System32\combase.dll
0x00007ffcf0c00000 - 0x00007ffcf0c30000 	C:\WINDOWS\SYSTEM32\Wldp.dll
0x00007ffcf3080000 - 0x00007ffcf312d000 	C:\WINDOWS\System32\SHCORE.dll
0x00007ffcf3130000 - 0x00007ffcf3185000 	C:\WINDOWS\System32\shlwapi.dll
0x00007ffcf10e0000 - 0x00007ffcf10ff000 	C:\WINDOWS\SYSTEM32\profapi.dll
0x00007ffcda500000 - 0x00007ffcda51a000 	C:\Users\XPS\AppData\Local\JetBrains\Toolbox\apps\IDEA-C\ch-0\222.4345.14\bin\breakgen64.dll
0x00007ffcc1490000 - 0x00007ffcc14ac000 	C:\Java\jdk8\jre\bin\net.dll
0x00007ffcf0960000 - 0x00007ffcf09ca000 	C:\WINDOWS\system32\mswsock.dll

VM Arguments:
jvm_args: -ea -javaagent:C:\Users\XPS\.m2\repository/org/aspectj/aspectjweaver/1.9.6/aspectjweaver-1.9.6.jar -Didea.test.cyclic.buffer.size=1048576 -javaagent:C:\Users\XPS\AppData\Local\JetBrains\Toolbox\apps\IDEA-C\ch-0\222.4345.14\lib\idea_rt.jar=63980:C:\Users\XPS\AppData\Local\JetBrains\Toolbox\apps\IDEA-C\ch-0\222.4345.14\bin -Dfile.encoding=UTF-8 
java_command: com.intellij.rt.junit.JUnitStarter -ideVersion5 -junit5 com.tests.Functional.FunctionalTests
java_class_path (initial): C:\Users\XPS\AppData\Local\JetBrains\Toolbox\apps\IDEA-C\ch-0\222.4345.14\lib\idea_rt.jar;C:\Users\XPS\AppData\Local\JetBrains\Toolbox\apps\IDEA-C\ch-0\222.4345.14\plugins\junit\lib\junit5-rt.jar;C:\Users\XPS\AppData\Local\JetBrains\Toolbox\apps\IDEA-C\ch-0\222.4345.14\plugins\junit\lib\junit-rt.jar;C:\Java\jdk8\jre\lib\charsets.jar;C:\Java\jdk8\jre\lib\deploy.jar;C:\Java\jdk8\jre\lib\ext\access-bridge-64.jar;C:\Java\jdk8\jre\lib\ext\cldrdata.jar;C:\Java\jdk8\jre\lib\ext\dnsns.jar;C:\Java\jdk8\jre\lib\ext\jaccess.jar;C:\Java\jdk8\jre\lib\ext\jfxrt.jar;C:\Java\jdk8\jre\lib\ext\localedata.jar;C:\Java\jdk8\jre\lib\ext\nashorn.jar;C:\Java\jdk8\jre\lib\ext\sunec.jar;C:\Java\jdk8\jre\lib\ext\sunjce_provider.jar;C:\Java\jdk8\jre\lib\ext\sunmscapi.jar;C:\Java\jdk8\jre\lib\ext\sunpkcs11.jar;C:\Java\jdk8\jre\lib\ext\zipfs.jar;C:\Java\jdk8\jre\lib\javaws.jar;C:\Java\jdk8\jre\lib\jce.jar;C:\Java\jdk8\jre\lib\jfr.jar;C:\Java\jdk8\jre\lib\jfxswt.jar;C:\Java\jdk8\jre\lib\jsse.jar;C:\Java\jdk8\jre\lib\management-agent.jar;C:\Java\jdk8\jre\lib\plugin.jar;C:\Java\jdk8\jre\lib\resources.jar;C:\Java\jdk8\jre\lib\rt.jar;C:\workspace\WinAppTestingAutomation\target\test-classes;C:\workspace\WinAppTestingAutomation\target\classes;C:\Users\XPS\.m2\repository\org\seleniumhq\selenium\selenium-java\3.141.59\selenium-java-3.141.59.jar;C:\Users\XPS\.m2\repository\org\seleniumhq\selenium\selenium-api\3.141.59\selenium-api-3.141.59.jar;C:\Users\XPS\.m2\repository\org\seleniumhq\selenium\selenium-chrome-driver\3.141.59\selenium-chrome-driver-3.141.59.jar;C:\Users\XPS\.m2\repository\org\seleniumhq\selenium\selenium-edge-driver\3.141.59\selenium-edge-driver-3.141.59.jar;C:\Users\XPS\.m2\repository\org\seleniumhq\selenium\selenium-firefox-driver\3.141.59\selenium-firefox-driver-3.141.59.jar;C:\Users\XPS\.m2\repository\org\seleniumhq\selenium\selenium-ie-driver\3.141.59\selenium-ie-driver-3.141.59.jar;C:\Users\XPS\.m2\repository\org\seleniumhq\selenium\selenium-opera-driver
Launcher Type: SUN_STANDARD

Environment Variables:
JAVA_HOME=C:\Java\jdk8
CLASSPATH=%CLASSPATH%;%JUNIT_HOME%\JUnit4.10.jar;.;;C:\JUNIT\JUnit4.10.jar;.;;C:\JUNIT\JUnit4.10.jar;.;
PATH=C:\Program Files (x86)\VMware\VMware Workstation\bin\;C:\Program Files\Common Files\Oracle\Java\javapath;C:\Windows\system32;C:\Windows;C:\Windows\System32\Wbem;C:\Windows\System32\WindowsPowerShell\v1.0\;C:\Windows\System32\OpenSSH\;C:\Program Files (x86)\NVIDIA Corporation\PhysX\Common;C:\Program Files\Git\cmd;C:\Program Files\apache-maven-3.8.1\bin;C:\Program Files\PuTTY\;C:\Program Files\Docker\Docker\resources\bin;C:\ProgramData\DockerDesktop\version-bin;C:\Program Files\Microsoft SQL Server\150\Tools\Binn\;C:\Program Files (x86)\Common Files\Acronis\SnapAPI\;C:\Program Files\nodejs\;C:\Program Files (x86)\Microsoft SQL Server\150\DTS\Binn\;C:\Program Files\Azure Data Studio\bin;C:\Program Files\dotnet\;C:\Users\XPS\AppData\Local\Android\Sdk\platform-tools;C:\Users\XPS\AppData\Local\Android\Sdk\tools;;C:\WINDOWS\system32;C:\WINDOWS;C:\WINDOWS\System32\Wbem;C:\WINDOWS\System32\WindowsPowerShell\v1.0\;C:\WINDOWS\System32\OpenSSH\;C:\Program Files\Cloudflare\Cloudflare WARP\;C:\Program Files (x86)\Windows Kits\10\Windows Performance Toolkit\;C:\Program Files\Microsoft SQL Server\130\Tools\Binn\;C:\Program Files\Microsoft SQL Server\Client SDK\ODBC\170\Tools\Binn\;C:\Users\XPS\AppData\Local\Microsoft\WindowsApps;C:\Program Files (x86)\BrowserStackLocal\;C:\Users\XPS\AppData\Roaming\npm;C:\Program Files\Azure Data Studio\bin;C:\Users\XPS\AppData\Local\Programs\Microsoft VS Code\bin;C:\Users\XPS\.dotnet\tools;C:\FFmpeg\bin;C:\Users\XPS\AppData\Local\JetBrains\Toolbox\scripts;C:\Users\XPS\.dotnet\tools
USERNAME=XPS
OS=Windows_NT
PROCESSOR_IDENTIFIER=Intel64 Family 6 Model 158 Stepping 10, GenuineIntel



---------------  S Y S T E M  ---------------

OS: Windows 10.0 , 64 bit Build 19041 (10.0.19041.2546)

CPU:total 12 (initial active 12) (6 cores per cpu, 2 threads per core) family 6 model 158 stepping 10, cmov, cx8, fxsr, mmx, sse, sse2, sse3, ssse3, sse4.1, sse4.2, popcnt, avx, avx2, aes, clmul, erms, 3dnowpref, lzcnt, ht, tsc, tscinvbit, bmi1, bmi2, adx

Memory: 4k page, physical 33243796k(11253880k free), swap 39489044k(4656k free)

vm_info: Java HotSpot(TM) 64-Bit Server VM (25.281-b09) for windows-amd64 JRE (1.8.0_281-b09), built on Dec  9 2020 13:54:07 by "" with MS VC++ 15.9 (VS2017)

time: Wed Mar 15 19:18:39 2023
timezone: FLE Standard Time
elapsed time: 0.863859 seconds (0d 0h 0m 0s)

