#
# There is insufficient memory for the Java Runtime Environment to continue.
# Native memory allocation (malloc) failed to allocate 32744 bytes for ChunkPool::allocate
# Possible reasons:
#   The system is out of physical RAM or swap space
#   The process is running with CompressedOops enabled, and the Java Heap may be blocking the growth of the native heap
# Possible solutions:
#   Reduce memory load on the system
#   Increase physical memory or swap space
#   Check if swap backing store is full
#   Decrease Java heap size (-Xmx/-Xms)
#   Decrease number of Java threads
#   Decrease Java thread stack sizes (-Xss)
#   Set larger code cache with -XX:ReservedCodeCacheSize=
#   JVM is running with Zero Based Compressed Oops mode in which the Java heap is
#     placed in the first 32GB address space. The Java Heap base address is the
#     maximum limit for the native heap growth. Please use -XX:HeapBaseMinAddress
#     to set the Java Heap base and to place the Java Heap above 32GB virtual address.
# This output file may be truncated or incomplete.
#
#  Out of Memory Error (allocation.cpp:272), pid=36252, tid=0x0000000000007c68
#
# JRE version: Java(TM) SE Runtime Environment (8.0_281-b09) (build 1.8.0_281-b09)
# Java VM: Java HotSpot(TM) 64-Bit Server VM (25.281-b09 mixed mode windows-amd64 compressed oops)
# Failed to write core dump. Minidumps are not enabled by default on client versions of Windows
#

---------------  T H R E A D  ---------------

Current thread (0x000001ccfa8ac800):  JavaThread "C2 CompilerThread1" daemon [_thread_in_native, id=31848, stack(0x0000005d9c100000,0x0000005d9c200000)]

Stack: [0x0000005d9c100000,0x0000005d9c200000]
Native frames: (J=compiled Java code, j=interpreted, Vv=VM code, C=native code)
V  [jvm.dll+0x32e5b9]


Current CompileTask:
C2:4499227 2443   !   4       java.util.zip.ZipFile$ZipFileInputStream::close (110 bytes)


---------------  P R O C E S S  ---------------

Java Threads: ( => current thread )
  0x000001ccfeb88000 JavaThread "qtp872826668-33" [_thread_in_native, id=21748, stack(0x0000005d9de00000,0x0000005d9df00000)]
  0x000001ccfeb85800 JavaThread "qtp872826668-32" [_thread_in_native, id=30624, stack(0x0000005d9dd00000,0x0000005d9de00000)]
  0x000001ccfea56800 JavaThread "qtp872826668-31" [_thread_in_native, id=28640, stack(0x0000005d9dc00000,0x0000005d9dd00000)]
  0x000001ccfea54800 JavaThread "qtp872826668-29" [_thread_in_native, id=29320, stack(0x0000005d9da00000,0x0000005d9db00000)]
  0x000001ccfea53800 JavaThread "qtp872826668-28" [_thread_in_native, id=36220, stack(0x0000005d9d900000,0x0000005d9da00000)]
  0x000001ccfea55000 JavaThread "qtp872826668-26" [_thread_in_native, id=28276, stack(0x0000005d9d700000,0x0000005d9d800000)]
  0x000001ccfea57800 JavaThread "Connector-Scheduler-1838ccb8" [_thread_blocked, id=31008, stack(0x0000005d9d200000,0x0000005d9d300000)]
  0x000001ccfea52000 JavaThread "AWT-Windows" daemon [_thread_in_native, id=23132, stack(0x0000005d9d100000,0x0000005d9d200000)]
  0x000001ccfea58000 JavaThread "Java2D Disposer" daemon [_thread_blocked, id=35344, stack(0x0000005d9cf00000,0x0000005d9d000000)]
  0x000001ccfeb1b800 JavaThread "qtp872826668-19-acceptor-0@7ba0b442-ServerConnector@1838ccb8{HTTP/1.1,[http/1.1]}{0.0.0.0:56222}" [_thread_in_native, id=1720, stack(0x0000005d9cd00000,0x0000005d9ce00000)]
  0x000001ccfe8ec800 JavaThread "qtp872826668-15" [_thread_blocked, id=32028, stack(0x0000005d9c900000,0x0000005d9ca00000)]
  0x000001ccfcd80800 JavaThread "Service Thread" daemon [_thread_blocked, id=17480, stack(0x0000005d9c400000,0x0000005d9c500000)]
  0x000001ccfa8b4000 JavaThread "C1 CompilerThread3" daemon [_thread_blocked, id=33996, stack(0x0000005d9c300000,0x0000005d9c400000)]
  0x000001ccfa8b0000 JavaThread "C2 CompilerThread2" daemon [_thread_blocked, id=31980, stack(0x0000005d9c200000,0x0000005d9c300000)]
=>0x000001ccfa8ac800 JavaThread "C2 CompilerThread1" daemon [_thread_in_native, id=31848, stack(0x0000005d9c100000,0x0000005d9c200000)]
  0x000001ccfa8a6800 JavaThread "C2 CompilerThread0" daemon [_thread_blocked, id=29876, stack(0x0000005d9c000000,0x0000005d9c100000)]
  0x000001ccfa8a5800 JavaThread "Attach Listener" daemon [_thread_blocked, id=16148, stack(0x0000005d9bf00000,0x0000005d9c000000)]
  0x000001ccfa8a4800 JavaThread "Signal Dispatcher" daemon [_thread_blocked, id=29476, stack(0x0000005d9be00000,0x0000005d9bf00000)]
  0x000001ccfa87c000 JavaThread "Finalizer" daemon [_thread_blocked, id=18384, stack(0x0000005d9bd00000,0x0000005d9be00000)]
  0x000001ccfa873800 JavaThread "Reference Handler" daemon [_thread_blocked, id=776, stack(0x0000005d9bc00000,0x0000005d9bd00000)]
  0x000001cce648a000 JavaThread "main" [_thread_blocked, id=23008, stack(0x0000005d9b000000,0x0000005d9b100000)]

Other Threads:
  0x000001ccfa84b000 VMThread [stack: 0x0000005d9bb00000,0x0000005d9bc00000] [id=3416]
  0x000001ccfcdb5800 WatcherThread [stack: 0x0000005d9c500000,0x0000005d9c600000] [id=26220]

VM state:not at safepoint (normal execution)

VM Mutex/Monitor currently owned by a thread: None

heap address: 0x00000005c4a00000, size: 8118 MB, Compressed Oops mode: Zero based, Oop shift amount: 3
Narrow klass base: 0x0000000000000000, Narrow klass shift: 3
Compressed class space size: 1073741824 Address: 0x00000007c0000000

Heap:
 PSYoungGen      total 151552K, used 9717K [0x0000000716e00000, 0x0000000721700000, 0x00000007c0000000)
  eden space 130048K, 1% used [0x0000000716e00000,0x000000071701df18,0x000000071ed00000)
  from space 21504K, 35% used [0x0000000720200000,0x000000072095f540,0x0000000721700000)
  to   space 21504K, 0% used [0x000000071ed00000,0x000000071ed00000,0x0000000720200000)
 ParOldGen       total 232448K, used 13991K [0x00000005c4a00000, 0x00000005d2d00000, 0x0000000716e00000)
  object space 232448K, 6% used [0x00000005c4a00000,0x00000005c57a9e78,0x00000005d2d00000)
 Metaspace       used 29199K, capacity 30360K, committed 30464K, reserved 1075200K
  class space    used 3553K, capacity 3795K, committed 3840K, reserved 1048576K

Card table byte_map: [0x000001ccf72d0000,0x000001ccf82b0000] byte_map_base: 0x000001ccf44ab000

Marking Bits: (ParMarkBitMap*) 0x0000000054e56ff0
 Begin Bits: [0x000001cc80000000, 0x000001cc87ed8000)
 End Bits:   [0x000001cc87ed8000, 0x000001cc8fdb0000)

Polling page: 0x000001cce6700000

CodeCache: size=245760Kb used=7975Kb max_used=7986Kb free=237784Kb
 bounds [0x000001cce7f10000, 0x000001cce86f0000, 0x000001ccf6f10000]
 total_blobs=2990 nmethods=2438 adapters=464
 compilation: enabled

Compilation events (10 events):
Event: 4226.836 Thread 0x000001ccfa8b4000 nmethod 2438 0x000001cce8021750 code [0x000001cce80218a0, 0x000001cce80219b8]
Event: 4238.195 Thread 0x000001ccfa8b4000 2439       3       java.util.IdentityHashMap$IdentityHashMapIterator::hasNext (50 bytes)
Event: 4238.195 Thread 0x000001ccfa8b4000 nmethod 2439 0x000001cce8014a90 code [0x000001cce8014c00, 0x000001cce8014e98]
Event: 4269.289 Thread 0x000001ccfa8b4000 2440       3       java.lang.Thread::checkAccess (14 bytes)
Event: 4269.289 Thread 0x000001ccfa8b4000 nmethod 2440 0x000001cce80255d0 code [0x000001cce8025780, 0x000001cce8025d40]
Event: 4499.213 Thread 0x000001ccfa8b4000 2441       3       sun.misc.Unsafe::getAndAddLong (27 bytes)
Event: 4499.213 Thread 0x000001ccfa8b4000 nmethod 2441 0x000001cce86ddb90 code [0x000001cce86ddd00, 0x000001cce86ddf18]
Event: 4499.213 Thread 0x000001ccfa8ac800 2443   !   4       java.util.zip.ZipFile$ZipFileInputStream::close (110 bytes)
Event: 4499.215 Thread 0x000001ccfa8b0000 2444       4       java.lang.ref.ReferenceQueue::reallyPoll (65 bytes)
Event: 4499.216 Thread 0x000001ccfa8b0000 nmethod 2444 0x000001cce8025250 code [0x000001cce8025380, 0x000001cce80254d8]

GC Heap History (6 events):
Event: 1.212 GC heap before
{Heap before GC invocations=1 (full 0):
 PSYoungGen      total 151552K, used 78182K [0x0000000716e00000, 0x0000000721700000, 0x00000007c0000000)
  eden space 130048K, 60% used [0x0000000716e00000,0x000000071ba59998,0x000000071ed00000)
  from space 21504K, 0% used [0x0000000720200000,0x0000000720200000,0x0000000721700000)
  to   space 21504K, 0% used [0x000000071ed00000,0x000000071ed00000,0x0000000720200000)
 ParOldGen       total 347136K, used 0K [0x00000005c4a00000, 0x00000005d9d00000, 0x0000000716e00000)
  object space 347136K, 0% used [0x00000005c4a00000,0x00000005c4a00000,0x00000005d9d00000)
 Metaspace       used 20235K, capacity 21184K, committed 21296K, reserved 1069056K
  class space    used 2408K, capacity 2618K, committed 2688K, reserved 1048576K
Event: 1.221 GC heap after
Heap after GC invocations=1 (full 0):
 PSYoungGen      total 151552K, used 14842K [0x0000000716e00000, 0x0000000721700000, 0x00000007c0000000)
  eden space 130048K, 0% used [0x0000000716e00000,0x0000000716e00000,0x000000071ed00000)
  from space 21504K, 69% used [0x000000071ed00000,0x000000071fb7e818,0x0000000720200000)
  to   space 21504K, 0% used [0x0000000720200000,0x0000000720200000,0x0000000721700000)
 ParOldGen       total 347136K, used 24K [0x00000005c4a00000, 0x00000005d9d00000, 0x0000000716e00000)
  object space 347136K, 0% used [0x00000005c4a00000,0x00000005c4a06000,0x00000005d9d00000)
 Metaspace       used 20235K, capacity 21184K, committed 21296K, reserved 1069056K
  class space    used 2408K, capacity 2618K, committed 2688K, reserved 1048576K
}
Event: 1.222 GC heap before
{Heap before GC invocations=2 (full 1):
 PSYoungGen      total 151552K, used 14842K [0x0000000716e00000, 0x0000000721700000, 0x00000007c0000000)
  eden space 130048K, 0% used [0x0000000716e00000,0x0000000716e00000,0x000000071ed00000)
  from space 21504K, 69% used [0x000000071ed00000,0x000000071fb7e818,0x0000000720200000)
  to   space 21504K, 0% used [0x0000000720200000,0x0000000720200000,0x0000000721700000)
 ParOldGen       total 347136K, used 24K [0x00000005c4a00000, 0x00000005d9d00000, 0x0000000716e00000)
  object space 347136K, 0% used [0x00000005c4a00000,0x00000005c4a06000,0x00000005d9d00000)
 Metaspace       used 20235K, capacity 21184K, committed 21296K, reserved 1069056K
  class space    used 2408K, capacity 2618K, committed 2688K, reserved 1048576K
Event: 1.241 GC heap after
Heap after GC invocations=2 (full 1):
 PSYoungGen      total 151552K, used 0K [0x0000000716e00000, 0x0000000721700000, 0x00000007c0000000)
  eden space 130048K, 0% used [0x0000000716e00000,0x0000000716e00000,0x000000071ed00000)
  from space 21504K, 0% used [0x000000071ed00000,0x000000071ed00000,0x0000000720200000)
  to   space 21504K, 0% used [0x0000000720200000,0x0000000720200000,0x0000000721700000)
 ParOldGen       total 232448K, used 13983K [0x00000005c4a00000, 0x00000005d2d00000, 0x0000000716e00000)
  object space 232448K, 6% used [0x00000005c4a00000,0x00000005c57a7e78,0x00000005d2d00000)
 Metaspace       used 20235K, capacity 21184K, committed 21296K, reserved 1069056K
  class space    used 2408K, capacity 2618K, committed 2688K, reserved 1048576K
}
Event: 4499.201 GC heap before
{Heap before GC invocations=3 (full 1):
 PSYoungGen      total 151552K, used 130048K [0x0000000716e00000, 0x0000000721700000, 0x00000007c0000000)
  eden space 130048K, 100% used [0x0000000716e00000,0x000000071ed00000,0x000000071ed00000)
  from space 21504K, 0% used [0x000000071ed00000,0x000000071ed00000,0x0000000720200000)
  to   space 21504K, 0% used [0x0000000720200000,0x0000000720200000,0x0000000721700000)
 ParOldGen       total 232448K, used 13983K [0x00000005c4a00000, 0x00000005d2d00000, 0x0000000716e00000)
  object space 232448K, 6% used [0x00000005c4a00000,0x00000005c57a7e78,0x00000005d2d00000)
 Metaspace       used 29195K, capacity 30360K, committed 30464K, reserved 1075200K
  class space    used 3552K, capacity 3795K, committed 3840K, reserved 1048576K
Event: 4499.212 GC heap after
Heap after GC invocations=3 (full 1):
 PSYoungGen      total 151552K, used 7549K [0x0000000716e00000, 0x0000000721700000, 0x00000007c0000000)
  eden space 130048K, 0% used [0x0000000716e00000,0x0000000716e00000,0x000000071ed00000)
  from space 21504K, 35% used [0x0000000720200000,0x000000072095f540,0x0000000721700000)
  to   space 21504K, 0% used [0x000000071ed00000,0x000000071ed00000,0x0000000720200000)
 ParOldGen       total 232448K, used 13991K [0x00000005c4a00000, 0x00000005d2d00000, 0x0000000716e00000)
  object space 232448K, 6% used [0x00000005c4a00000,0x00000005c57a9e78,0x00000005d2d00000)
 Metaspace       used 29195K, capacity 30360K, committed 30464K, reserved 1075200K
  class space    used 3552K, capacity 3795K, committed 3840K, reserved 1048576K
}

Deoptimization events (10 events):
Event: 1.797 Thread 0x000001ccfe2d6800 Uncommon trap: reason=class_check action=maybe_recompile pc=0x000001cce86314ec method=sun.security.util.math.intpoly.IntegerPolynomial$MutableElement.setSum(Lsun/security/util/math/IntegerModuloP;)Lsun/security/util/math/intpoly/IntegerPolynomial$MutableE
Event: 1.797 Thread 0x000001ccfe2d6800 Uncommon trap: reason=class_check action=maybe_recompile pc=0x000001cce86314ec method=sun.security.util.math.intpoly.IntegerPolynomial$MutableElement.setSum(Lsun/security/util/math/IntegerModuloP;)Lsun/security/util/math/intpoly/IntegerPolynomial$MutableE
Event: 1.849 Thread 0x000001ccfe2d6800 Uncommon trap: reason=unstable_if action=reinterpret pc=0x000001cce85d622c method=java.util.regex.Pattern$CharProperty.match(Ljava/util/regex/Matcher;ILjava/lang/CharSequence;)Z @ 21
Event: 1.849 Thread 0x000001ccfe2d6800 Uncommon trap: reason=bimorphic action=maybe_recompile pc=0x000001cce85e8e9c method=java.util.regex.Pattern$Branch.match(Ljava/util/regex/Matcher;ILjava/lang/CharSequence;)Z @ 32
Event: 1.902 Thread 0x000001ccfe2d6800 Uncommon trap: reason=unstable_if action=reinterpret pc=0x000001cce8599218 method=java.util.HashMap$HashIterator.<init>(Ljava/util/HashMap;)V @ 45
Event: 1.902 Thread 0x000001ccfe2d6800 Uncommon trap: reason=unstable_if action=reinterpret pc=0x000001cce8596544 method=java.util.HashMap$HashIterator.<init>(Ljava/util/HashMap;)V @ 45
Event: 1.902 Thread 0x000001ccfe2d6800 Uncommon trap: reason=unstable_if action=reinterpret pc=0x000001cce858d0e4 method=java.util.HashMap$HashIterator.<init>(Ljava/util/HashMap;)V @ 45
Event: 1.912 Thread 0x000001cce648a000 Uncommon trap: reason=unstable_if action=reinterpret pc=0x000001cce83c7018 method=java.lang.ref.ReferenceQueue.poll()Ljava/lang/ref/Reference; @ 4
Event: 1.935 Thread 0x000001cce648a000 Uncommon trap: reason=unstable_if action=reinterpret pc=0x000001cce8277fb8 method=java.lang.CharacterDataLatin1.isJavaIdentifierPart(I)Z @ 11
Event: 2.447 Thread 0x000001ccfeb19000 Uncommon trap: reason=unstable_if action=reinterpret pc=0x000001cce8678c78 method=java.util.concurrent.ConcurrentHashMap.addCount(JI)V @ 168

Classes redefined (0 events):
No events

Internal exceptions (10 events):
Event: 1.136 Thread 0x000001cce648a000 Exception <a 'sun/nio/fs/WindowsException'> (0x000000071b0c2080) thrown at [C:\jenkins\workspace\8-2-build-windows-amd64-cygwin\jdk8u281\880\hotspot\src\share\vm\prims\jni.cpp, line 710]
Event: 1.902 Thread 0x000001cce648a000 Exception <a 'sun/nio/fs/WindowsException'> (0x0000000718ebc528) thrown at [C:\jenkins\workspace\8-2-build-windows-amd64-cygwin\jdk8u281\880\hotspot\src\share\vm\prims\jni.cpp, line 710]
Event: 1.904 Thread 0x000001cce648a000 Exception <a 'sun/nio/fs/WindowsException'> (0x0000000718ec9b00) thrown at [C:\jenkins\workspace\8-2-build-windows-amd64-cygwin\jdk8u281\880\hotspot\src\share\vm\prims\jni.cpp, line 710]
Event: 1.907 Thread 0x000001cce648a000 Exception <a 'java/lang/ClassNotFoundException': io/qameta/allure/csv/CsvExportBehaviorBeanInfo> (0x0000000719038ad0) thrown at [C:\jenkins\workspace\8-2-build-windows-amd64-cygwin\jdk8u281\880\hotspot\src\share\vm\classfile\systemDictionary.cpp, line 212
Event: 1.907 Thread 0x000001cce648a000 Exception <a 'java/lang/ClassNotFoundException': io/qameta/allure/csv/CsvExportBehaviorCustomizer> (0x0000000719045c98) thrown at [C:\jenkins\workspace\8-2-build-windows-amd64-cygwin\jdk8u281\880\hotspot\src\share\vm\classfile\systemDictionary.cpp, line 2
Event: 1.908 Thread 0x000001cce648a000 Exception <a 'sun/nio/fs/WindowsException'> (0x0000000719056c68) thrown at [C:\jenkins\workspace\8-2-build-windows-amd64-cygwin\jdk8u281\880\hotspot\src\share\vm\prims\jni.cpp, line 710]
Event: 1.910 Thread 0x000001cce648a000 Exception <a 'sun/nio/fs/WindowsException'> (0x0000000719065618) thrown at [C:\jenkins\workspace\8-2-build-windows-amd64-cygwin\jdk8u281\880\hotspot\src\share\vm\prims\jni.cpp, line 710]
Event: 1.967 Thread 0x000001cce648a000 Exception <a 'java/lang/ClassNotFoundException': sun/net/www/protocol/c/Handler> (0x00000007194e7ae0) thrown at [C:\jenkins\workspace\8-2-build-windows-amd64-cygwin\jdk8u281\880\hotspot\src\share\vm\classfile\systemDictionary.cpp, line 212]
Event: 1.970 Thread 0x000001cce648a000 Exception <a 'sun/nio/fs/WindowsException'> (0x00000007195096d8) thrown at [C:\jenkins\workspace\8-2-build-windows-amd64-cygwin\jdk8u281\880\hotspot\src\share\vm\prims\jni.cpp, line 710]
Event: 2.011 Thread 0x000001cce648a000 Exception <a 'java/io/FileNotFoundException'> (0x000000071975b960) thrown at [C:\jenkins\workspace\8-2-build-windows-amd64-cygwin\jdk8u281\880\hotspot\src\share\vm\prims\jni.cpp, line 710]

Events (10 events):
Event: 4417.933 Executing VM operation: RevokeBias done
Event: 4417.934 Thread 0x000001ccfeb86800 Thread exited: 0x000001ccfeb86800
Event: 4498.189 Thread 0x000001ccfeb81000 Thread added: 0x000001ccfeb81000
Event: 4499.201 Executing VM operation: ParallelGCFailedAllocation
Event: 4499.212 Executing VM operation: ParallelGCFailedAllocation done
Event: 4499.212 Executing VM operation: RevokeBias
Event: 4499.213 Executing VM operation: RevokeBias done
Event: 4499.213 Thread 0x000001ccfeb81000 Thread exited: 0x000001ccfeb81000
Event: 4499.214 loading class sun/security/ssl/SecureKey
Event: 4499.214 loading class sun/security/ssl/SecureKey done


Dynamic libraries:
0x00007ff6dd0d0000 - 0x00007ff6dd117000 	C:\Java\jdk8\bin\java.exe
0x00007ffcf3ab0000 - 0x00007ffcf3ca8000 	C:\WINDOWS\SYSTEM32\ntdll.dll
0x00007ffcf3950000 - 0x00007ffcf3a0f000 	C:\WINDOWS\System32\KERNEL32.DLL
0x00007ffcf1810000 - 0x00007ffcf1ae2000 	C:\WINDOWS\System32\KERNELBASE.dll
0x00007ffcf38a0000 - 0x00007ffcf394e000 	C:\WINDOWS\System32\ADVAPI32.dll
0x00007ffcf3270000 - 0x00007ffcf330e000 	C:\WINDOWS\System32\msvcrt.dll
0x00007ffcf3800000 - 0x00007ffcf389c000 	C:\WINDOWS\System32\sechost.dll
0x00007ffcf36d0000 - 0x00007ffcf37f5000 	C:\WINDOWS\System32\RPCRT4.dll
0x00007ffcf2cf0000 - 0x00007ffcf2e91000 	C:\WINDOWS\System32\USER32.dll
0x00007ffcf17e0000 - 0x00007ffcf1802000 	C:\WINDOWS\System32\win32u.dll
0x00007ffcf3540000 - 0x00007ffcf356b000 	C:\WINDOWS\System32\GDI32.dll
0x00007ffcf14b0000 - 0x00007ffcf15bf000 	C:\WINDOWS\System32\gdi32full.dll
0x00007ffcf11a0000 - 0x00007ffcf123d000 	C:\WINDOWS\System32\msvcp_win.dll
0x00007ffcf1300000 - 0x00007ffcf1400000 	C:\WINDOWS\System32\ucrtbase.dll
0x00007ffcdb500000 - 0x00007ffcdb79a000 	C:\WINDOWS\WinSxS\amd64_microsoft.windows.common-controls_6595b64144ccf1df_6.0.19041.1110_none_60b5254171f9507e\COMCTL32.dll
0x00007ffcf3190000 - 0x00007ffcf31c2000 	C:\WINDOWS\System32\IMM32.DLL
0x00007ffcd9c00000 - 0x00007ffcd9c15000 	C:\Java\jdk8\jre\bin\vcruntime140.dll
0x00007ffcc25d0000 - 0x00007ffcc266b000 	C:\Java\jdk8\jre\bin\msvcp140.dll
0x0000000054670000 - 0x0000000054ecf000 	C:\Java\jdk8\jre\bin\server\jvm.dll
0x00007ffcf3310000 - 0x00007ffcf3318000 	C:\WINDOWS\System32\PSAPI.DLL
0x00007ffccea20000 - 0x00007ffccea29000 	C:\WINDOWS\SYSTEM32\WSOCK32.dll
0x00007ffcd8dc0000 - 0x00007ffcd8de7000 	C:\WINDOWS\SYSTEM32\WINMM.dll
0x00007ffce0ce0000 - 0x00007ffce0cea000 	C:\WINDOWS\SYSTEM32\VERSION.dll
0x00007ffcf34d0000 - 0x00007ffcf353b000 	C:\WINDOWS\System32\WS2_32.dll
0x00007ffcef040000 - 0x00007ffcef052000 	C:\WINDOWS\SYSTEM32\kernel.appcore.dll
0x00007ffcc8370000 - 0x00007ffcc8380000 	C:\Java\jdk8\jre\bin\verify.dll
0x00007ffcc8340000 - 0x00007ffcc836b000 	C:\Java\jdk8\jre\bin\java.dll
0x00007ffcc25b0000 - 0x00007ffcc25c8000 	C:\Java\jdk8\jre\bin\zip.dll
0x00007ffcf25a0000 - 0x00007ffcf2ce5000 	C:\WINDOWS\System32\SHELL32.dll
0x00007ffcef260000 - 0x00007ffcef9f2000 	C:\WINDOWS\SYSTEM32\windows.storage.dll
0x00007ffcf21b0000 - 0x00007ffcf2505000 	C:\WINDOWS\System32\combase.dll
0x00007ffcf0c00000 - 0x00007ffcf0c30000 	C:\WINDOWS\SYSTEM32\Wldp.dll
0x00007ffcf3080000 - 0x00007ffcf312d000 	C:\WINDOWS\System32\SHCORE.dll
0x00007ffcf3130000 - 0x00007ffcf3185000 	C:\WINDOWS\System32\shlwapi.dll
0x00007ffcf10e0000 - 0x00007ffcf10ff000 	C:\WINDOWS\SYSTEM32\profapi.dll
0x00007ffcf0b50000 - 0x00007ffcf0b68000 	C:\WINDOWS\SYSTEM32\CRYPTSP.dll
0x00007ffcf0210000 - 0x00007ffcf0244000 	C:\WINDOWS\system32\rsaenh.dll
0x00007ffcf15c0000 - 0x00007ffcf15e7000 	C:\WINDOWS\System32\bcrypt.dll
0x00007ffcf1060000 - 0x00007ffcf108e000 	C:\WINDOWS\SYSTEM32\USERENV.dll
0x00007ffcf15f0000 - 0x00007ffcf1672000 	C:\WINDOWS\System32\bcryptprimitives.dll
0x00007ffcf0b70000 - 0x00007ffcf0b7c000 	C:\WINDOWS\SYSTEM32\CRYPTBASE.dll
0x00007ffcc1490000 - 0x00007ffcc14ac000 	C:\Java\jdk8\jre\bin\net.dll
0x00007ffcf0960000 - 0x00007ffcf09ca000 	C:\WINDOWS\system32\mswsock.dll
0x00007ffcf0600000 - 0x00007ffcf063b000 	C:\WINDOWS\SYSTEM32\IPHLPAPI.DLL
0x00007ffcf31d0000 - 0x00007ffcf31d8000 	C:\WINDOWS\System32\NSI.dll
0x00007ffcea5b0000 - 0x00007ffcea5c7000 	C:\WINDOWS\SYSTEM32\dhcpcsvc6.DLL
0x00007ffcea560000 - 0x00007ffcea57d000 	C:\WINDOWS\SYSTEM32\dhcpcsvc.DLL
0x00007ffcf0640000 - 0x00007ffcf070b000 	C:\WINDOWS\SYSTEM32\DNSAPI.dll
0x00007ffcc1970000 - 0x00007ffcc1983000 	C:\Java\jdk8\jre\bin\nio.dll
0x00007ffcf0330000 - 0x00007ffcf0363000 	C:\WINDOWS\SYSTEM32\ntmarta.dll
0x00007ffccd430000 - 0x00007ffccd447000 	C:\WINDOWS\system32\napinsp.dll
0x00007ffcccf40000 - 0x00007ffcccf5b000 	C:\WINDOWS\system32\pnrpnsp.dll
0x00007ffcebae0000 - 0x00007ffcebaf5000 	C:\WINDOWS\system32\wshbth.dll
0x00007ffcebc90000 - 0x00007ffcebcad000 	C:\WINDOWS\system32\NLAapi.dll
0x00007ffccc7f0000 - 0x00007ffccc802000 	C:\WINDOWS\System32\winrnr.dll
0x00007ffce8940000 - 0x00007ffce894a000 	C:\Windows\System32\rasadhlp.dll
0x00007ffce7de0000 - 0x00007ffce7e60000 	C:\WINDOWS\System32\fwpuclnt.dll
0x00007ffcd41f0000 - 0x00007ffcd4214000 	C:\Java\jdk8\jre\bin\sunec.dll
0x00007ffcd41e0000 - 0x00007ffcd41ed000 	C:\Java\jdk8\jre\bin\sunmscapi.dll
0x00007ffcf1680000 - 0x00007ffcf17d6000 	C:\WINDOWS\System32\CRYPT32.dll
0x00007ffcf0c70000 - 0x00007ffcf0c97000 	C:\WINDOWS\SYSTEM32\ncrypt.dll
0x00007ffcf0c30000 - 0x00007ffcf0c6b000 	C:\WINDOWS\SYSTEM32\NTASN1.dll
0x00007ffccdd20000 - 0x00007ffccdd2d000 	C:\Java\jdk8\jre\bin\management.dll
0x00007ffccdb50000 - 0x00007ffccdce5000 	C:\Java\jdk8\jre\bin\awt.dll
0x00007ffcf1b50000 - 0x00007ffcf1c1d000 	C:\WINDOWS\System32\OLEAUT32.dll
0x00007ffcee680000 - 0x00007ffcee710000 	C:\WINDOWS\SYSTEM32\apphelp.dll
0x00007ffcee890000 - 0x00007ffcee92e000 	C:\WINDOWS\system32\uxtheme.dll
0x00007ffcf1c20000 - 0x00007ffcf1d35000 	C:\WINDOWS\System32\MSCTF.dll
0x00007ffcf2ea0000 - 0x00007ffcf2fca000 	C:\WINDOWS\System32\ole32.dll
0x00007ffcece20000 - 0x00007ffcecf16000 	C:\WINDOWS\SYSTEM32\PROPSYS.dll
0x00007ffce64d0000 - 0x00007ffce66bc000 	C:\WINDOWS\SYSTEM32\urlmon.dll
0x00007ffce5550000 - 0x00007ffce5801000 	C:\WINDOWS\SYSTEM32\iertutil.dll
0x00007ffcf07b0000 - 0x00007ffcf07bc000 	C:\WINDOWS\SYSTEM32\netutils.dll
0x00007ffce7b70000 - 0x00007ffce7b98000 	C:\WINDOWS\SYSTEM32\srvcli.dll
0x00007ffcf2fd0000 - 0x00007ffcf3079000 	C:\WINDOWS\System32\clbcatq.dll
0x00007ffccd9a0000 - 0x00007ffccd9bd000 	C:\Windows\System32\Windows.Shell.ServiceHostBuilder.dll
0x00007ffce6e40000 - 0x00007ffce760b000 	C:\Windows\System32\OneCoreUAPCommonProxyStub.dll
0x00007ffcd6b00000 - 0x00007ffcd6c46000 	C:\Windows\System32\Windows.StateRepositoryPS.dll
0x00007ffcd41b0000 - 0x00007ffcd41d4000 	C:\WINDOWS\SYSTEM32\edputil.dll
0x00007ffcddff0000 - 0x00007ffcddffc000 	C:\WINDOWS\SYSTEM32\Secur32.dll
0x00007ffcf1090000 - 0x00007ffcf10c2000 	C:\WINDOWS\SYSTEM32\SSPICLI.DLL
0x00007ffcaec10000 - 0x00007ffcaec52000 	C:\WINDOWS\SYSTEM32\MLANG.dll
0x00007ffccc810000 - 0x00007ffcccce9000 	C:\WINDOWS\SYSTEM32\WININET.dll
0x00007ffcd4fc0000 - 0x00007ffcd500c000 	C:\Windows\System32\Windows.UI.AppDefaults.dll
0x00007ffcecd50000 - 0x00007ffcecdf0000 	C:\WINDOWS\SYSTEM32\policymanager.dll
0x00007ffcf02a0000 - 0x00007ffcf032a000 	C:\WINDOWS\SYSTEM32\msvcp110_win.dll
0x00007ffcf1240000 - 0x00007ffcf128e000 	C:\WINDOWS\System32\CFGMGR32.dll
0x00007ffcec530000 - 0x00007ffcec684000 	C:\Windows\System32\wintypes.dll
0x00007ffcdb850000 - 0x00007ffcdb8cf000 	C:\Windows\System32\OneCoreCommonProxyStub.dll
0x00007ffcee9a0000 - 0x00007ffceeb84000 	C:\WINDOWS\SYSTEM32\dbghelp.dll

VM Arguments:
java_command: io.qameta.allure.CommandLine serve C:\workspace\WinAppTestingAutomation\target\allure-results
java_class_path (initial): C:\workspace\WinAppTestingAutomation\.allure\allure-2.14.0\lib\allure-commandline-2.14.0.jar;C:\workspace\WinAppTestingAutomation\.allure\allure-2.14.0\lib\jcommander-1.81.jar;C:\workspace\WinAppTestingAutomation\.allure\allure-2.14.0\lib\allure-generator-2.14.0.jar;C:\workspace\WinAppTestingAutomation\.allure\allure-2.14.0\lib\jackson-dataformat-xml-2.12.3.jar;C:\workspace\WinAppTestingAutomation\.allure\allure-2.14.0\lib\jackson-module-jaxb-annotations-2.12.3.jar;C:\workspace\WinAppTestingAutomation\.allure\allure-2.14.0\lib\jackson-annotations-2.12.3.jar;C:\workspace\WinAppTestingAutomation\.allure\allure-2.14.0\lib\jackson-core-2.12.3.jar;C:\workspace\WinAppTestingAutomation\.allure\allure-2.14.0\lib\jackson-dataformat-yaml-2.12.3.jar;C:\workspace\WinAppTestingAutomation\.allure\allure-2.14.0\lib\allure-plugin-api-2.14.0.jar;C:\workspace\WinAppTestingAutomation\.allure\allure-2.14.0\lib\allure-model-2.13.0.jar;C:\workspace\WinAppTestingAutomation\.allure\allure-2.14.0\lib\jackson-databind-2.12.3.jar;C:\workspace\WinAppTestingAutomation\.allure\allure-2.14.0\lib\commons-io-2.8.0.jar;C:\workspace\WinAppTestingAutomation\.allure\allure-2.14.0\lib\jetty-server-9.4.20.v20190813.jar;C:\workspace\WinAppTestingAutomation\.allure\allure-2.14.0\lib\slf4j-log4j12-1.7.28.jar;C:\workspace\WinAppTestingAutomation\.allure\allure-2.14.0\lib\snakeyaml-1.27.jar;C:\workspace\WinAppTestingAutomation\.allure\allure-2.14.0\lib\javax.servlet-api-3.1.0.jar;C:\workspace\WinAppTestingAutomation\.allure\allure-2.14.0\lib\jetty-http-9.4.20.v20190813.jar;C:\workspace\WinAppTestingAutomation\.allure\allure-2.14.0\lib\jetty-io-9.4.20.v20190813.jar;C:\workspace\WinAppTestingAutomation\.allure\allure-2.14.0\lib\allure1-model-1.0.jar;C:\workspace\WinAppTestingAutomation\.allure\allure-2.14.0\lib\slf4j-api-1.7.28.jar;C:\workspace\WinAppTestingAutomation\.allure\allure-2.14.0\lib\log4j-1.2.17.jar;C:\workspace\WinAppTestingAutomation\.allure\allure-2.14.0\lib\jaxb-api-2
Launcher Type: SUN_STANDARD

Environment Variables:
JAVA_HOME=C:\Java\jdk8
PATH=C:\Program Files (x86)\VMware\VMware Workstation\bin\;C:\Program Files\Common Files\Oracle\Java\javapath;C:\Windows\system32;C:\Windows;C:\Windows\System32\Wbem;C:\Windows\System32\WindowsPowerShell\v1.0\;C:\Windows\System32\OpenSSH\;C:\Program Files (x86)\NVIDIA Corporation\PhysX\Common;C:\Program Files\Git\cmd;C:\Program Files\apache-maven-3.8.1\bin;C:\Program Files\PuTTY\;C:\Program Files\Docker\Docker\resources\bin;C:\ProgramData\DockerDesktop\version-bin;C:\Program Files\Microsoft SQL Server\150\Tools\Binn\;C:\Program Files (x86)\Common Files\Acronis\SnapAPI\;C:\Program Files\nodejs\;C:\Program Files (x86)\Microsoft SQL Server\150\DTS\Binn\;C:\Program Files\Azure Data Studio\bin;C:\Program Files\dotnet\;C:\Users\XPS\AppData\Local\Android\Sdk\platform-tools;C:\Users\XPS\AppData\Local\Android\Sdk\tools;;C:\WINDOWS\system32;C:\WINDOWS;C:\WINDOWS\System32\Wbem;C:\WINDOWS\System32\WindowsPowerShell\v1.0\;C:\WINDOWS\System32\OpenSSH\;C:\Program Files\Cloudflare\Cloudflare WARP\;C:\Program Files (x86)\Windows Kits\10\Windows Performance Toolkit\;C:\Program Files\Microsoft SQL Server\130\Tools\Binn\;C:\Program Files\Microsoft SQL Server\Client SDK\ODBC\170\Tools\Binn\;C:\Users\XPS\AppData\Local\Microsoft\WindowsApps;C:\Program Files (x86)\BrowserStackLocal\;C:\Users\XPS\AppData\Roaming\npm;C:\Program Files\Azure Data Studio\bin;C:\Users\XPS\AppData\Local\Programs\Microsoft VS Code\bin;C:\Users\XPS\.dotnet\tools;C:\FFmpeg\bin;C:\Users\XPS\AppData\Local\JetBrains\Toolbox\scripts;C:\Users\XPS\.dotnet\tools
USERNAME=XPS
OS=Windows_NT
PROCESSOR_IDENTIFIER=Intel64 Family 6 Model 158 Stepping 10, GenuineIntel



---------------  S Y S T E M  ---------------

OS: Windows 10.0 , 64 bit Build 19041 (10.0.19041.2546)

CPU:total 12 (initial active 12) (6 cores per cpu, 2 threads per core) family 6 model 158 stepping 10, cmov, cx8, fxsr, mmx, sse, sse2, sse3, ssse3, sse4.1, sse4.2, popcnt, avx, avx2, aes, clmul, erms, 3dnowpref, lzcnt, ht, tsc, tscinvbit, bmi1, bmi2, adx

Memory: 4k page, physical 33243796k(11046340k free), swap 39489044k(1896k free)

vm_info: Java HotSpot(TM) 64-Bit Server VM (25.281-b09) for windows-amd64 JRE (1.8.0_281-b09), built on Dec  9 2020 13:54:07 by "" with MS VC++ 15.9 (VS2017)

time: Wed Mar 15 19:19:12 2023
timezone: FLE Standard Time
elapsed time: 4499.235827 seconds (0d 1h 14m 59s)

