JvmtiExport can_access_local_variables 0
JvmtiExport can_hotswap_or_post_breakpoint 0
JvmtiExport can_post_on_exceptions 0
# 144 ciObject found
instanceKlass sun/security/ssl/SecureKey
instanceKlass org/eclipse/jetty/io/ManagedSelector$DestroyEndPoint
instanceKlass org/eclipse/jetty/io/WriteFlusher$1
instanceKlass sun/awt/AppContext$PostShutdownEventRunnable
instanceKlass java/util/IdentityHashMap$IdentityHashMapIterator
instanceKlass org/eclipse/jetty/server/ResourceService$1
instanceKlass org/eclipse/jetty/util/AttributesMap
instanceKlass javax/servlet/AsyncEvent
instanceKlass javax/servlet/AsyncListener
instanceKlass org/eclipse/jetty/server/AsyncContextState
instanceKlass org/eclipse/jetty/server/HttpChannel$$Lambda$314
instanceKlass sun/nio/ch/IOVecWrapper$Deallocator
instanceKlass sun/nio/ch/IOVecWrapper
instanceKlass java/io/RandomAccessFile$1
instanceKlass java/io/RandomAccessFile
instanceKlass org/eclipse/jetty/server/ResourceService$2
instanceKlass org/eclipse/jetty/server/Authentication$5
instanceKlass org/eclipse/jetty/server/Authentication$SendSuccess
instanceKlass org/eclipse/jetty/server/Authentication$4
instanceKlass org/eclipse/jetty/server/Authentication$Failure
instanceKlass org/eclipse/jetty/server/Authentication$3
instanceKlass org/eclipse/jetty/server/Authentication$Challenge
instanceKlass org/eclipse/jetty/server/Authentication$ResponseSent
instanceKlass org/eclipse/jetty/server/Authentication$2
instanceKlass org/eclipse/jetty/server/Authentication$1
instanceKlass org/eclipse/jetty/server/Authentication
instanceKlass org/eclipse/jetty/server/HttpChannel$$Lambda$313
instanceKlass org/eclipse/jetty/server/HttpChannel$$Lambda$312
instanceKlass org/eclipse/jetty/server/HttpChannel$$Lambda$311
instanceKlass org/eclipse/jetty/server/HttpChannel$$Lambda$310
instanceKlass org/eclipse/jetty/server/HttpConnection$1
instanceKlass org/eclipse/jetty/http/HttpGenerator$2
instanceKlass org/eclipse/jetty/util/IteratingCallback$1
instanceKlass org/eclipse/jetty/server/HttpChannel$$Lambda$309
instanceKlass org/eclipse/jetty/util/Callback$Completing
instanceKlass org/eclipse/jetty/server/HttpOutput$2
instanceKlass org/eclipse/jetty/server/Response$1
instanceKlass org/eclipse/jetty/http/ResourceHttpContent
instanceKlass java/util/Collections$3
instanceKlass org/eclipse/jetty/server/HttpChannel$$Lambda$308
instanceKlass org/eclipse/jetty/server/HttpChannel$1
instanceKlass org/eclipse/jetty/server/HttpChannelState$5
instanceKlass org/eclipse/jetty/io/ArrayByteBufferPool$$Lambda$307
instanceKlass java/lang/invoke/LambdaForm$DMH
instanceKlass org/eclipse/jetty/io/ArrayByteBufferPool$$Lambda$306
instanceKlass org/eclipse/jetty/server/HttpChannel$$Lambda$305
instanceKlass org/eclipse/jetty/server/HttpChannel$$Lambda$304
instanceKlass org/eclipse/jetty/server/HttpChannel$$Lambda$303
instanceKlass org/eclipse/jetty/server/Server$DateField
instanceKlass java/util/stream/MatchOps$$Lambda$302
instanceKlass java/util/stream/MatchOps$BooleanTerminalSink
instanceKlass java/util/stream/MatchOps$MatchOp
instanceKlass java/util/stream/MatchOps
instanceKlass org/eclipse/jetty/http/HttpParser$$Lambda$301
instanceKlass org/eclipse/jetty/http/QuotedCSVParser$1
instanceKlass org/eclipse/jetty/http/QuotedCSVParser
instanceKlass org/eclipse/jetty/server/HttpChannelOverHttp$1
instanceKlass org/eclipse/jetty/util/HostPort
instanceKlass org/eclipse/jetty/http/HttpURI$1
instanceKlass org/eclipse/jetty/http/HttpParser$1
instanceKlass org/eclipse/jetty/util/ModuleLocation
instanceKlass org/eclipse/jetty/util/TypeUtil
instanceKlass org/eclipse/jetty/http/HttpTokens$Token
instanceKlass org/eclipse/jetty/http/HttpTokens
instanceKlass org/eclipse/jetty/io/AbstractEndPoint$3
instanceKlass org/eclipse/jetty/util/thread/ReservedThreadExecutor$ReservedThread
instanceKlass org/eclipse/jetty/io/Connection$Listener
instanceKlass org/eclipse/jetty/util/Utf8Appendable
instanceKlass org/eclipse/jetty/http/HttpURI
instanceKlass org/eclipse/jetty/server/HttpChannel$Listener
instanceKlass org/eclipse/jetty/util/SharedBlockingCallback$Blocker
instanceKlass java/util/ResourceBundle$Control$1
instanceKlass org/eclipse/jetty/util/SharedBlockingCallback
instanceKlass org/eclipse/jetty/http/DateGenerator
instanceKlass org/eclipse/jetty/server/Response
instanceKlass org/eclipse/jetty/server/HttpInput$Interceptor
instanceKlass org/eclipse/jetty/server/HttpInput$State
instanceKlass javax/servlet/http/HttpSession
instanceKlass javax/servlet/AsyncContext
instanceKlass org/eclipse/jetty/server/MultiParts
instanceKlass org/eclipse/jetty/server/PushBuilder
instanceKlass org/eclipse/jetty/server/Request
instanceKlass org/eclipse/jetty/server/HttpChannelState
instanceKlass org/eclipse/jetty/server/HttpChannel$$Lambda$300
instanceKlass org/eclipse/jetty/server/RequestLog
instanceKlass org/eclipse/jetty/util/IteratingCallback
instanceKlass org/eclipse/jetty/server/HttpConnection$AsyncReadCallback
instanceKlass org/eclipse/jetty/server/HttpConnection$BlockingReadCallback
instanceKlass org/eclipse/jetty/util/Callback$1
instanceKlass org/eclipse/jetty/io/AbstractConnection$ReadCallback
instanceKlass org/eclipse/jetty/server/HttpInput$Content
instanceKlass org/eclipse/jetty/http/HttpParser$ComplianceHandler
instanceKlass org/eclipse/jetty/http/HttpParser$RequestHandler
instanceKlass org/eclipse/jetty/http/HttpParser$HttpHandler
instanceKlass org/eclipse/jetty/server/HttpChannel
instanceKlass org/eclipse/jetty/server/HttpOutput$Interceptor
instanceKlass org/eclipse/jetty/util/thread/ScheduledExecutorScheduler$ScheduledFutureTask
instanceKlass java/util/concurrent/Executors$RunnableAdapter
instanceKlass java/util/concurrent/Executors
instanceKlass java/util/concurrent/FutureTask$WaitNode
instanceKlass java/util/concurrent/Callable
instanceKlass java/util/concurrent/FutureTask
instanceKlass org/eclipse/jetty/io/IdleTimeout$$Lambda$299
instanceKlass org/eclipse/jetty/io/ChannelEndPoint$RunnableTask
instanceKlass org/eclipse/jetty/io/ChannelEndPoint$1
instanceKlass org/eclipse/jetty/io/WriteFlusher$State
instanceKlass org/eclipse/jetty/io/QuietException
instanceKlass org/eclipse/jetty/io/WriteFlusher
instanceKlass org/eclipse/jetty/io/FillInterest
instanceKlass sun/nio/ch/WindowsSelectorImpl$MapEntry
instanceKlass org/eclipse/jetty/io/ManagedSelector$Accept
instanceKlass sun/awt/windows/WDesktopPeer
instanceKlass java/awt/peer/DesktopPeer
instanceKlass sun/awt/PostEventQueue
instanceKlass sun/awt/MostRecentKeyValue
instanceKlass java/awt/Queue
instanceKlass java/awt/EventQueue$2
instanceKlass sun/awt/AWTAccessor$EventQueueAccessor
instanceKlass java/awt/EventQueue$1
instanceKlass java/awt/EventQueue
instanceKlass sun/awt/AppContext$1
instanceKlass sun/awt/AppContext$2
instanceKlass sun/awt/AppContext$3
instanceKlass sun/awt/AppContext$6
instanceKlass sun/misc/JavaAWTAccess
instanceKlass sun/awt/AppContext$GetAppContextLock
instanceKlass sun/awt/AppContext
instanceKlass sun/awt/windows/WToolkit$$Lambda$298
instanceKlass java/lang/invoke/LambdaForm$DMH
instanceKlass sun/awt/windows/WToolkit$$Lambda$297
instanceKlass sun/awt/windows/WToolkit$$Lambda$296
instanceKlass sun/awt/windows/WToolkit$$Lambda$295
instanceKlass sun/awt/AWTAutoShutdown
instanceKlass sun/misc/ThreadGroupUtils
instanceKlass sun/java2d/Disposer$$Lambda$294
instanceKlass java/lang/invoke/LambdaForm$DMH
instanceKlass sun/java2d/Disposer$1
instanceKlass sun/java2d/Disposer
instanceKlass sun/awt/windows/WToolkit$ToolkitDisposer
instanceKlass sun/java2d/DisposerRecord
instanceKlass sun/misc/PerformanceLogger$TimeData
instanceKlass sun/misc/PerformanceLogger
instanceKlass sun/awt/SunToolkit$ModalityListenerList
instanceKlass sun/awt/ModalityListener
instanceKlass java/beans/PropertyChangeListener
instanceKlass java/beans/ChangeListenerMap
instanceKlass java/beans/PropertyChangeSupport
instanceKlass sun/awt/windows/WToolkit$2
instanceKlass java/awt/Component$DummyRequestFocusController
instanceKlass sun/awt/RequestFocusController
instanceKlass java/awt/Component$1
instanceKlass sun/awt/AWTAccessor$ComponentAccessor
instanceKlass sun/font/AttributeValues
instanceKlass java/awt/geom/AffineTransform
instanceKlass sun/font/FontAccess
instanceKlass java/awt/Font
instanceKlass sun/awt/windows/WObjectPeer
instanceKlass java/awt/dnd/peer/DropTargetPeer
instanceKlass java/awt/peer/ComponentPeer
instanceKlass java/awt/event/InputEvent$1
instanceKlass sun/awt/AWTAccessor$InputEventAccessor
instanceKlass java/awt/event/NativeLibLoader$1
instanceKlass java/awt/event/NativeLibLoader
instanceKlass java/awt/AWTEvent$1
instanceKlass sun/awt/AWTAccessor$AWTEventAccessor
instanceKlass java/util/EventObject
instanceKlass java/awt/Component$AWTTreeLock
instanceKlass java/awt/Component
instanceKlass java/awt/MenuContainer
instanceKlass java/awt/image/ImageObserver
instanceKlass sun/awt/DisplayChangedListener
instanceKlass sun/awt/image/SurfaceManager
instanceKlass sun/awt/image/SurfaceManager$ImageAccessor
instanceKlass java/awt/ImageCapabilities
instanceKlass java/awt/Image
instanceKlass sun/java2d/DestSurfaceProvider
instanceKlass sun/java2d/loops/RenderCache$Entry
instanceKlass sun/java2d/loops/RenderCache
instanceKlass sun/java2d/pipe/DrawImage
instanceKlass sun/java2d/pipe/GeneralCompositePipe
instanceKlass sun/java2d/pipe/SpanShapeRenderer
instanceKlass sun/java2d/pipe/AlphaPaintPipe
instanceKlass sun/java2d/pipe/AAShapePipe
instanceKlass sun/java2d/pipe/RegionIterator
instanceKlass sun/java2d/pipe/Region
instanceKlass sun/java2d/pipe/SpanClipRenderer
instanceKlass sun/java2d/pipe/PixelToShapeConverter
instanceKlass sun/java2d/pipe/AlphaColorPipe
instanceKlass sun/java2d/pipe/CompositePipe
instanceKlass sun/font/FontUtilities$1
instanceKlass sun/font/FontUtilities
instanceKlass sun/java2d/pipe/GlyphListPipe
instanceKlass sun/java2d/pipe/OutlineTextRenderer
instanceKlass sun/java2d/pipe/RenderingEngine$1
instanceKlass sun/java2d/pipe/RenderingEngine
instanceKlass sun/java2d/pipe/LoopPipe
instanceKlass sun/java2d/pipe/LoopBasedPipe
instanceKlass sun/java2d/pipe/ParallelogramPipe
instanceKlass sun/java2d/pipe/NullPipe
instanceKlass sun/java2d/pipe/DrawImagePipe
instanceKlass sun/java2d/pipe/TextPipe
instanceKlass sun/java2d/pipe/ShapeDrawPipe
instanceKlass sun/java2d/pipe/PixelFillPipe
instanceKlass sun/java2d/pipe/PixelDrawPipe
instanceKlass sun/java2d/StateTrackableDelegate$2
instanceKlass sun/java2d/StateTrackableDelegate
instanceKlass java/awt/color/ICC_Profile$1
instanceKlass sun/java2d/cmm/ProfileActivator
instanceKlass sun/java2d/cmm/ProfileDeferralMgr
instanceKlass java/awt/color/ICC_Profile
instanceKlass java/awt/color/ColorSpace
instanceKlass java/awt/image/ColorModel$1
instanceKlass java/awt/image/ColorModel
instanceKlass sun/awt/image/PixelConverter
instanceKlass sun/java2d/loops/SurfaceType
instanceKlass sun/java2d/SurfaceData
instanceKlass sun/java2d/Surface
instanceKlass sun/java2d/StateTrackable
instanceKlass sun/java2d/DisposerTarget
instanceKlass java/awt/Transparency
instanceKlass sun/awt/windows/WToolkit$1
instanceKlass sun/awt/KeyboardFocusManagerPeerProvider
instanceKlass sun/awt/InputMethodSupport
instanceKlass sun/awt/ComponentFactory
instanceKlass sun/awt/WindowClosingListener
instanceKlass sun/awt/WindowClosingSupport
instanceKlass java/awt/Toolkit$2
instanceKlass java/awt/Insets
instanceKlass java/awt/GraphicsEnvironment$$Lambda$293
instanceKlass java/awt/GraphicsEnvironment
instanceKlass java/awt/Toolkit$1
instanceKlass java/awt/Toolkit$3
instanceKlass java/awt/Toolkit$5
instanceKlass sun/awt/AWTAccessor
instanceKlass java/awt/Toolkit$4
instanceKlass sun/awt/AWTAccessor$ToolkitAccessor
instanceKlass java/awt/Toolkit
instanceKlass java/awt/Desktop
instanceKlass org/eclipse/jetty/server/AbstractConnector$Acceptor
instanceKlass java/nio/channels/spi/AbstractSelector$1
instanceKlass java/util/ArrayDeque$DeqIterator
instanceKlass org/eclipse/jetty/util/thread/strategy/EatWhatYouKill$1
instanceKlass java/util/concurrent/CountDownLatch
instanceKlass org/eclipse/jetty/io/ManagedSelector$Start
instanceKlass org/eclipse/jetty/io/ManagedSelector$$Lambda$292
instanceKlass java/lang/invoke/LambdaForm$DMH
instanceKlass sun/nio/ch/OptionKey
instanceKlass sun/nio/ch/SocketOptionRegistry$LazyInitialization
instanceKlass sun/nio/ch/SocketOptionRegistry$RegistryKey
instanceKlass sun/nio/ch/SocketOptionRegistry
instanceKlass sun/nio/ch/ExtendedSocketOption$1
instanceKlass sun/nio/ch/ExtendedSocketOption
instanceKlass sun/nio/ch/SocketChannelImpl$DefaultOptionsHolder
instanceKlass sun/nio/ch/PipeImpl$Initializer$LoopbackConnector
instanceKlass sun/nio/ch/PipeImpl$Initializer
instanceKlass java/nio/channels/Pipe
instanceKlass sun/nio/ch/NativeObject
instanceKlass sun/nio/ch/PollArrayWrapper
instanceKlass sun/nio/ch/WindowsSelectorImpl$FinishLock
instanceKlass sun/nio/ch/WindowsSelectorImpl$StartLock
instanceKlass sun/nio/ch/WindowsSelectorImpl$SubSelector
instanceKlass java/nio/channels/SelectionKey
instanceKlass sun/nio/ch/Util$3
instanceKlass java/nio/channels/Selector
instanceKlass java/util/concurrent/atomic/Striped64$Cell
instanceKlass org/eclipse/jetty/io/ManagedSelector$SelectorProducer
instanceKlass org/eclipse/jetty/util/thread/ExecutionStrategy
instanceKlass org/eclipse/jetty/util/thread/ExecutionStrategy$Producer
instanceKlass java/util/concurrent/RunnableScheduledFuture
instanceKlass java/util/concurrent/ScheduledFuture
instanceKlass java/util/concurrent/Delayed
instanceKlass java/util/concurrent/RunnableFuture
instanceKlass org/eclipse/jetty/util/thread/ScheduledExecutorScheduler$$Lambda$291
instanceKlass java/util/concurrent/ThreadFactory
instanceKlass java/util/concurrent/ThreadPoolExecutor$AbortPolicy
instanceKlass java/util/concurrent/RejectedExecutionHandler
instanceKlass java/util/concurrent/ScheduledExecutorService
instanceKlass sun/nio/ch/ServerSocketChannelImpl$DefaultOptionsHolder
instanceKlass java/net/ServerSocket
instanceKlass sun/nio/ch/Net$3
instanceKlass sun/nio/ch/Net$4
instanceKlass sun/nio/ch/Net$1
instanceKlass java/net/ProtocolFamily
instanceKlass sun/nio/ch/Net
instanceKlass sun/nio/ch/SelChImpl
instanceKlass sun/nio/ch/DefaultSelectorProvider
instanceKlass java/nio/channels/spi/SelectorProvider$1
instanceKlass java/nio/channels/spi/SelectorProvider
instanceKlass org/eclipse/jetty/http/HttpContent
instanceKlass org/eclipse/jetty/server/ResourceContentFactory
instanceKlass org/eclipse/jetty/http/MimeTypes$$Lambda$290
instanceKlass org/eclipse/jetty/http/MimeTypes$$Lambda$289
instanceKlass org/eclipse/jetty/http/MimeTypes$$Lambda$288
instanceKlass java/lang/invoke/LambdaForm$DMH
instanceKlass org/eclipse/jetty/http/MimeTypes$$Lambda$287
instanceKlass org/eclipse/jetty/http/MimeTypes
instanceKlass javax/servlet/http/HttpSessionAttributeListener
instanceKlass javax/servlet/http/HttpSessionListener
instanceKlass javax/servlet/http/HttpSessionIdListener
instanceKlass javax/servlet/ServletRequestAttributeListener
instanceKlass javax/servlet/ServletRequestListener
instanceKlass javax/servlet/ServletContextAttributeListener
instanceKlass javax/servlet/ServletContextListener
instanceKlass javax/servlet/ServletContext
instanceKlass org/eclipse/jetty/server/handler/ContextHandler$AliasCheck
instanceKlass java/util/stream/ReduceOps$5ReducingSink
instanceKlass java/util/stream/Sink$OfInt
instanceKlass java/util/function/IntConsumer
instanceKlass java/util/stream/IntPipeline$$Lambda$286
instanceKlass java/util/function/IntBinaryOperator
instanceKlass java/lang/invoke/LambdaForm$DMH
instanceKlass java/util/stream/IntStream
instanceKlass org/eclipse/jetty/util/thread/ThreadPoolBudget$$Lambda$285
instanceKlass java/util/function/ToIntFunction
instanceKlass org/eclipse/jetty/util/thread/ThreadPoolBudget$Leased
instanceKlass java/util/concurrent/ConcurrentLinkedDeque$Node
instanceKlass org/eclipse/jetty/util/thread/ReservedThreadExecutor$1
instanceKlass org/eclipse/jetty/http/HttpStatus
instanceKlass org/eclipse/jetty/http/HttpGenerator$PreparedResponse
instanceKlass org/eclipse/jetty/http/MetaData
instanceKlass org/eclipse/jetty/http/HttpFields
instanceKlass org/eclipse/jetty/http/HttpGenerator
instanceKlass org/eclipse/jetty/server/ShutdownMonitor$Holder
instanceKlass org/eclipse/jetty/server/ShutdownMonitor
instanceKlass java/lang/ApplicationShutdownHooks$1
instanceKlass java/lang/ApplicationShutdownHooks
instanceKlass org/eclipse/jetty/server/handler/ErrorHandler$ErrorPageMapper
instanceKlass org/eclipse/jetty/server/handler/HandlerCollection$Handlers
instanceKlass org/eclipse/jetty/util/IO
instanceKlass sun/nio/fs/WindowsLinkSupport
instanceKlass org/eclipse/jetty/util/URIUtil
instanceKlass org/eclipse/jetty/util/resource/Resource
instanceKlass org/eclipse/jetty/http/CompressedContentFormat
instanceKlass org/eclipse/jetty/http/PreEncodedHttpField$1
instanceKlass org/eclipse/jetty/http/Http1FieldPreEncoder
instanceKlass org/eclipse/jetty/http/HttpFieldPreEncoder
instanceKlass org/eclipse/jetty/util/Callback
instanceKlass org/eclipse/jetty/util/thread/Invocable
instanceKlass org/eclipse/jetty/http/HttpContent$ContentFactory
instanceKlass org/eclipse/jetty/server/ResourceService
instanceKlass org/eclipse/jetty/server/ResourceService$WelcomeFactory
instanceKlass org/eclipse/jetty/util/resource/ResourceFactory
instanceKlass org/eclipse/jetty/io/SelectorManager$$Lambda$284
instanceKlass java/util/function/IntUnaryOperator
instanceKlass java/lang/invoke/LambdaForm$DMH
instanceKlass org/eclipse/jetty/io/ManagedSelector$SelectorUpdate
instanceKlass org/eclipse/jetty/util/ProcessorUtils
instanceKlass org/eclipse/jetty/io/ByteBufferPool$Bucket
instanceKlass org/eclipse/jetty/io/AbstractByteBufferPool
instanceKlass org/eclipse/jetty/util/thread/Scheduler$Task
instanceKlass org/eclipse/jetty/util/component/Graceful$Shutdown
instanceKlass org/eclipse/jetty/http/HttpParser
instanceKlass org/eclipse/jetty/util/StringUtil
instanceKlass org/eclipse/jetty/util/BufferUtil
instanceKlass org/eclipse/jetty/util/AbstractTrie
instanceKlass java/time/Instant$1
instanceKlass org/eclipse/jetty/util/Jetty
instanceKlass org/eclipse/jetty/util/Trie
instanceKlass org/eclipse/jetty/server/HttpConfiguration
instanceKlass org/eclipse/jetty/io/Connection$UpgradeTo
instanceKlass org/eclipse/jetty/io/Connection$UpgradeFrom
instanceKlass org/eclipse/jetty/io/WriteFlusher$Listener
instanceKlass org/eclipse/jetty/server/HttpTransport
instanceKlass org/eclipse/jetty/io/AbstractConnection
instanceKlass org/eclipse/jetty/io/Connection
instanceKlass org/eclipse/jetty/server/HttpConfiguration$Customizer
instanceKlass org/eclipse/jetty/server/HttpConfiguration$ConnectionFactory
instanceKlass org/eclipse/jetty/server/ConnectionFactory
instanceKlass org/eclipse/jetty/io/IdleTimeout
instanceKlass org/eclipse/jetty/io/EndPoint
instanceKlass org/eclipse/jetty/io/ManagedSelector$Selectable
instanceKlass java/nio/channels/NetworkChannel
instanceKlass org/eclipse/jetty/io/ByteBufferPool
instanceKlass org/eclipse/jetty/util/thread/Scheduler
instanceKlass org/eclipse/jetty/server/NetworkConnector
instanceKlass org/eclipse/jetty/server/Connector
instanceKlass org/eclipse/jetty/util/component/Graceful
instanceKlass org/eclipse/jetty/util/component/ContainerLifeCycle$1
instanceKlass org/eclipse/jetty/util/component/Container$Listener
instanceKlass org/eclipse/jetty/util/component/ContainerLifeCycle$Bean
instanceKlass org/eclipse/jetty/util/thread/ThreadPoolBudget$1
instanceKlass org/eclipse/jetty/util/thread/ThreadPoolBudget$Lease
instanceKlass org/eclipse/jetty/util/thread/ThreadPoolBudget
instanceKlass org/eclipse/jetty/util/MemoryUtils$1
instanceKlass org/eclipse/jetty/util/MemoryUtils
instanceKlass java/util/concurrent/CopyOnWriteArrayList$COWIterator
instanceKlass org/eclipse/jetty/util/thread/QueuedThreadPool$Runner
instanceKlass org/eclipse/jetty/util/thread/QueuedThreadPool$$Lambda$283
instanceKlass java/lang/invoke/LambdaForm$DMH
instanceKlass java/lang/invoke/LambdaForm$DMH
instanceKlass org/eclipse/jetty/util/thread/TryExecutor$1
instanceKlass org/eclipse/jetty/util/thread/TryExecutor
instanceKlass org/eclipse/jetty/util/thread/ThreadPool$SizedThreadPool
instanceKlass org/eclipse/jetty/util/thread/Locker$Lock
instanceKlass org/eclipse/jetty/util/thread/Locker
instanceKlass org/eclipse/jetty/util/DateCache$Tick
instanceKlass java/time/LocalTime$1
instanceKlass java/time/format/DateTimeFormatterBuilder$3
instanceKlass java/time/ZonedDateTime$1
instanceKlass java/time/format/DateTimePrintContext
instanceKlass java/time/zone/ZoneOffsetTransitionRule$1
instanceKlass java/time/LocalDate$1
instanceKlass java/lang/invoke/LambdaForm$MH
instanceKlass java/lang/invoke/LambdaForm$DMH
instanceKlass java/time/temporal/TemporalAdjusters$$Lambda$282
instanceKlass java/lang/invoke/LambdaForm$DMH
instanceKlass java/time/temporal/TemporalAdjusters
instanceKlass java/time/ZonedDateTime
instanceKlass sun/management/RuntimeImpl
instanceKlass sun/management/VMManagementImpl
instanceKlass sun/management/VMManagement
instanceKlass sun/management/ManagementFactoryHelper$4
instanceKlass sun/management/ManagementFactoryHelper
instanceKlass java/lang/management/ThreadMXBean
instanceKlass javax/management/MBeanServer
instanceKlass javax/management/MBeanServerConnection
instanceKlass java/lang/management/OperatingSystemMXBean
instanceKlass java/lang/management/MemoryMXBean
instanceKlass java/lang/management/CompilationMXBean
instanceKlass java/lang/management/ClassLoadingMXBean
instanceKlass java/lang/management/RuntimeMXBean
instanceKlass java/lang/management/PlatformManagedObject
instanceKlass java/lang/management/ManagementFactory
instanceKlass org/eclipse/jetty/util/Uptime$DefaultImpl
instanceKlass org/eclipse/jetty/util/Uptime$Impl
instanceKlass org/eclipse/jetty/util/Uptime
instanceKlass java/time/format/DateTimeFormatter$$Lambda$281
instanceKlass java/time/format/DateTimeFormatter$$Lambda$280
instanceKlass java/time/Period
instanceKlass java/time/chrono/ChronoPeriod
instanceKlass java/time/format/DateTimeFormatterBuilder$TextPrinterParser
instanceKlass java/time/format/DateTimeTextProvider$1
instanceKlass java/time/format/DateTimeTextProvider
instanceKlass java/time/format/DateTimeTextProvider$LocaleStore
instanceKlass java/time/format/DateTimeFormatterBuilder$InstantPrinterParser
instanceKlass java/time/format/DateTimeFormatterBuilder$StringLiteralPrinterParser
instanceKlass java/time/format/DateTimeFormatterBuilder$ZoneIdPrinterParser
instanceKlass java/time/format/DateTimeFormatterBuilder$FractionPrinterParser
instanceKlass java/time/format/DateTimeFormatterBuilder$OffsetIdPrinterParser
instanceKlass java/time/format/DecimalStyle
instanceKlass java/time/format/DateTimeFormatterBuilder$CompositePrinterParser
instanceKlass java/time/chrono/AbstractChronology$$Lambda$279
instanceKlass java/time/chrono/ChronoZonedDateTime
instanceKlass java/time/chrono/AbstractChronology$$Lambda$278
instanceKlass java/time/chrono/AbstractChronology$$Lambda$277
instanceKlass java/lang/invoke/LambdaForm$DMH
instanceKlass java/time/chrono/AbstractChronology
instanceKlass java/time/chrono/Chronology
instanceKlass java/time/format/DateTimeFormatterBuilder$CharLiteralPrinterParser
instanceKlass java/time/format/DateTimeFormatterBuilder$NumberPrinterParser
instanceKlass java/time/format/DateTimeFormatterBuilder$DateTimePrinterParser
instanceKlass java/time/format/DateTimeFormatterBuilder$2
instanceKlass java/time/temporal/IsoFields
instanceKlass java/time/format/DateTimeFormatterBuilder$$Lambda$276
instanceKlass java/time/temporal/TemporalQuery
instanceKlass java/time/format/DateTimeFormatterBuilder
instanceKlass java/time/format/DateTimeFormatter
instanceKlass org/eclipse/jetty/util/DateCache
instanceKlass org/eclipse/jetty/util/log/AbstractLogger
instanceKlass org/eclipse/jetty/util/Loader
instanceKlass org/eclipse/jetty/util/log/Log$1
instanceKlass org/eclipse/jetty/util/log/Logger
instanceKlass org/eclipse/jetty/util/log/Log
instanceKlass org/eclipse/jetty/http/HttpField
instanceKlass javax/servlet/http/HttpServletRequest
instanceKlass javax/servlet/ServletRequest
instanceKlass javax/servlet/http/HttpServletResponse
instanceKlass javax/servlet/ServletResponse
instanceKlass org/eclipse/jetty/util/thread/ThreadPool
instanceKlass org/eclipse/jetty/util/component/AbstractLifeCycle
instanceKlass org/eclipse/jetty/util/component/Dumpable
instanceKlass org/eclipse/jetty/util/component/Container
instanceKlass org/eclipse/jetty/server/HandlerContainer
instanceKlass org/eclipse/jetty/util/Attributes
instanceKlass io/qameta/allure/packages/PackagesPlugin$$Lambda$275
instanceKlass io/qameta/allure/packages/PackagesPlugin$$Lambda$274
instanceKlass io/qameta/allure/packages/PackagesPlugin$$Lambda$273
instanceKlass io/qameta/allure/packages/PackagesPlugin$$Lambda$272
instanceKlass io/qameta/allure/packages/PackagesPlugin$$Lambda$271
